This is pdfTeX, Version 3.14159265-2.6-1.40.21 (TeX Live 2020) (preloaded format=pdflatex 2020.4.7)  13 OCT 2022 13:00
entering extended mode
 restricted \write18 enabled.
 %&-line parsing enabled.
**table.tex
(./table.tex
LaTeX2e <2020-02-02> patch level 5
L3 programming layer <2020-03-06>
(/usr/local/texlive/2020/texmf-dist/tex/latex/base/article.cls
Document Class: article 2019/12/20 v1.4l Standard LaTeX document class
(/usr/local/texlive/2020/texmf-dist/tex/latex/base/size10.clo
File: size10.clo 2019/12/20 v1.4l Standard LaTeX file (size option)
)
\c@part=\count167
\c@section=\count168
\c@subsection=\count169
\c@subsubsection=\count170
\c@paragraph=\count171
\c@subparagraph=\count172
\c@figure=\count173
\c@table=\count174
\abovecaptionskip=\skip47
\belowcaptionskip=\skip48
\bibindent=\dimen134
)
(/usr/local/texlive/2020/texmf-dist/tex/latex/amsmath/amsmath.sty
Package: amsmath 2020/01/20 v2.17e AMS math features
\@mathmargin=\skip49

For additional information on amsmath, use the `?' option.
(/usr/local/texlive/2020/texmf-dist/tex/latex/amsmath/amstext.sty
Package: amstext 2000/06/29 v2.01 AMS text

(/usr/local/texlive/2020/texmf-dist/tex/latex/amsmath/amsgen.sty
File: amsgen.sty 1999/11/30 v2.0 generic functions
\@emptytoks=\toks15
\ex@=\dimen135
))
(/usr/local/texlive/2020/texmf-dist/tex/latex/amsmath/amsbsy.sty
Package: amsbsy 1999/11/29 v1.2d Bold Symbols
\pmbraise@=\dimen136
)
(/usr/local/texlive/2020/texmf-dist/tex/latex/amsmath/amsopn.sty
Package: amsopn 2016/03/08 v2.02 operator names
)
\inf@bad=\count175
LaTeX Info: Redefining \frac on input line 227.
\uproot@=\count176
\leftroot@=\count177
LaTeX Info: Redefining \overline on input line 389.
\classnum@=\count178
\DOTSCASE@=\count179
LaTeX Info: Redefining \ldots on input line 486.
LaTeX Info: Redefining \dots on input line 489.
LaTeX Info: Redefining \cdots on input line 610.
\Mathstrutbox@=\box45
\strutbox@=\box46
\big@size=\dimen137
LaTeX Font Info:    Redeclaring font encoding OML on input line 733.
LaTeX Font Info:    Redeclaring font encoding OMS on input line 734.
\macc@depth=\count180
\c@MaxMatrixCols=\count181
\dotsspace@=\muskip16
\c@parentequation=\count182
\dspbrk@lvl=\count183
\tag@help=\toks16
\row@=\count184
\column@=\count185
\maxfields@=\count186
\andhelp@=\toks17
\eqnshift@=\dimen138
\alignsep@=\dimen139
\tagshift@=\dimen140
\tagwidth@=\dimen141
\totwidth@=\dimen142
\lineht@=\dimen143
\@envbody=\toks18
\multlinegap=\skip50
\multlinetaggap=\skip51
\mathdisplay@stack=\toks19
LaTeX Info: Redefining \[ on input line 2859.
LaTeX Info: Redefining \] on input line 2860.
)
(/usr/local/texlive/2020/texmf-dist/tex/latex/booktabs/booktabs.sty
Package: booktabs 2020/01/12 v1.61803398 Publication quality tables
\heavyrulewidth=\dimen144
\lightrulewidth=\dimen145
\cmidrulewidth=\dimen146
\belowrulesep=\dimen147
\belowbottomsep=\dimen148
\aboverulesep=\dimen149
\abovetopsep=\dimen150
\cmidrulesep=\dimen151
\cmidrulekern=\dimen152
\defaultaddspace=\dimen153
\@cmidla=\count187
\@cmidlb=\count188
\@aboverulesep=\dimen154
\@belowrulesep=\dimen155
\@thisruleclass=\count189
\@lastruleclass=\count190
\@thisrulewidth=\dimen156
)
(/usr/local/texlive/2020/texmf-dist/tex/latex/graphics/graphicx.sty
Package: graphicx 2019/11/30 v1.2a Enhanced LaTeX Graphics (DPC,SPQR)

(/usr/local/texlive/2020/texmf-dist/tex/latex/graphics/keyval.sty
Package: keyval 2014/10/28 v1.15 key=value parser (DPC)
\KV@toks@=\toks20
)
(/usr/local/texlive/2020/texmf-dist/tex/latex/graphics/graphics.sty
Package: graphics 2019/11/30 v1.4a Standard LaTeX Graphics (DPC,SPQR)

(/usr/local/texlive/2020/texmf-dist/tex/latex/graphics/trig.sty
Package: trig 2016/01/03 v1.10 sin cos tan (DPC)
)
(/usr/local/texlive/2020/texmf-dist/tex/latex/graphics-cfg/graphics.cfg
File: graphics.cfg 2016/06/04 v1.11 sample graphics configuration
)
Package graphics Info: Driver file: pdftex.def on input line 105.

(/usr/local/texlive/2020/texmf-dist/tex/latex/graphics-def/pdftex.def
File: pdftex.def 2018/01/08 v1.0l Graphics/color driver for pdftex
))
\Gin@req@height=\dimen157
\Gin@req@width=\dimen158
)
(/usr/local/texlive/2020/texmf-dist/tex/latex/caption/subcaption.sty
Package: subcaption 2020/01/22 v1.3d Sub-captions (AR)

(/usr/local/texlive/2020/texmf-dist/tex/latex/caption/caption.sty
Package: caption 2020/01/03 v3.4h Customizing captions (AR)

(/usr/local/texlive/2020/texmf-dist/tex/latex/caption/caption3.sty
Package: caption3 2020/01/03 v1.8h caption3 kernel (AR)
Package caption3 Info: TeX engine: e-TeX on input line 61.
\captionmargin=\dimen159
\captionmargin@=\dimen160
\captionwidth=\dimen161
\caption@tempdima=\dimen162
\caption@indent=\dimen163
\caption@parindent=\dimen164
\caption@hangindent=\dimen165
Package caption Info: Standard document class detected.
)
\c@caption@flags=\count191
\c@continuedfloat=\count192
)
\c@subfigure=\count193
\c@subtable=\count194
)
(/usr/local/texlive/2020/texmf-dist/tex/latex/l3backend/l3backend-pdfmode.def
File: l3backend-pdfmode.def 2020-03-12 L3 backend support: PDF mode
\l__kernel_color_stack_int=\count195
\l__pdf_internal_box=\box47
)
(./table.aux)
\openout1 = `table.aux'.

LaTeX Font Info:    Checking defaults for OML/cmm/m/it on input line 12.
LaTeX Font Info:    ... okay on input line 12.
LaTeX Font Info:    Checking defaults for OMS/cmsy/m/n on input line 12.
LaTeX Font Info:    ... okay on input line 12.
LaTeX Font Info:    Checking defaults for OT1/cmr/m/n on input line 12.
LaTeX Font Info:    ... okay on input line 12.
LaTeX Font Info:    Checking defaults for T1/cmr/m/n on input line 12.
LaTeX Font Info:    ... okay on input line 12.
LaTeX Font Info:    Checking defaults for TS1/cmr/m/n on input line 12.
LaTeX Font Info:    ... okay on input line 12.
LaTeX Font Info:    Checking defaults for OMX/cmex/m/n on input line 12.
LaTeX Font Info:    ... okay on input line 12.
LaTeX Font Info:    Checking defaults for U/cmr/m/n on input line 12.
LaTeX Font Info:    ... okay on input line 12.

(/usr/local/texlive/2020/texmf-dist/tex/context/base/mkii/supp-pdf.mkii
[Loading MPS to PDF converter (version 2006.09.02).]
\scratchcounter=\count196
\scratchdimen=\dimen166
\scratchbox=\box48
\nofMPsegments=\count197
\nofMParguments=\count198
\everyMPshowfont=\toks21
\MPscratchCnt=\count199
\MPscratchDim=\dimen167
\MPnumerator=\count266
\makeMPintoPDFobject=\count267
\everyMPtoPDFconversion=\toks22
) (/usr/local/texlive/2020/texmf-dist/tex/latex/epstopdf-pkg/epstopdf-base.sty
Package: epstopdf-base 2020-01-24 v2.11 Base part for package epstopdf
Package epstopdf-base Info: Redefining graphics rule for `.eps' on input line 4
85.

(/usr/local/texlive/2020/texmf-dist/tex/latex/latexconfig/epstopdf-sys.cfg
File: epstopdf-sys.cfg 2010/07/13 v1.3 Configuration of (r)epstopdf for TeX Liv
e
))
Package caption Info: Begin \AtBeginDocument code.
Package caption Info: End \AtBeginDocument code.

Underfull \hbox (badness 10000) in paragraph at lines 54--54
[]\OT1/cmr/m/n/10 Converage
 []


Overfull \hbox (42.03992pt too wide) in paragraph at lines 54--54
[][] 
 []


Underfull \hbox (badness 10000) in paragraph at lines 54--54
[]\OT1/cmr/m/n/10 Converage
 []


Overfull \hbox (42.03992pt too wide) in paragraph at lines 54--54
[][] 
 []


Overfull \hbox (28.09692pt too wide) in paragraph at lines 54--54
 [][] 
 []


Underfull \hbox (badness 10000) in paragraph at lines 97--97
[]\OT1/cmr/m/n/10 Converage
 []


Overfull \hbox (42.03992pt too wide) in paragraph at lines 97--97
[][] 
 []


Underfull \hbox (badness 10000) in paragraph at lines 97--97
[]\OT1/cmr/m/n/10 Converage
 []


Overfull \hbox (42.03992pt too wide) in paragraph at lines 97--97
[][] 
 []


Overfull \hbox (28.09692pt too wide) in paragraph at lines 97--97
 [][] 
 []


Underfull \hbox (badness 10000) in paragraph at lines 140--140
[]\OT1/cmr/m/n/10 Converage
 []


Overfull \hbox (42.03992pt too wide) in paragraph at lines 140--140
[][] 
 []


Underfull \hbox (badness 10000) in paragraph at lines 140--140
[]\OT1/cmr/m/n/10 Converage
 []


Overfull \hbox (42.03992pt too wide) in paragraph at lines 140--140
[][] 
 []


Overfull \hbox (28.09692pt too wide) in paragraph at lines 140--140
 [][] 
 []


Underfull \hbox (badness 10000) in paragraph at lines 177--177
[]\OT1/cmr/m/n/10 Converage
 []


Overfull \hbox (42.03992pt too wide) in paragraph at lines 177--177
[][] 
 []


Underfull \hbox (badness 10000) in paragraph at lines 177--177
[]\OT1/cmr/m/n/10 Converage
 []


Overfull \hbox (42.03992pt too wide) in paragraph at lines 177--177
[][] 
 []


Overfull \hbox (28.09692pt too wide) in paragraph at lines 177--177
 [][] 
 []


Underfull \hbox (badness 10000) in paragraph at lines 214--214
[]\OT1/cmr/m/n/10 Converage
 []


Overfull \hbox (42.03992pt too wide) in paragraph at lines 214--214
[][] 
 []


Underfull \hbox (badness 10000) in paragraph at lines 214--214
[]\OT1/cmr/m/n/10 Converage
 []


Overfull \hbox (42.03992pt too wide) in paragraph at lines 214--214
[][] 
 []


Overfull \hbox (28.09692pt too wide) in paragraph at lines 214--214
 [][] 
 []


Overfull \hbox (32.34795pt too wide) in paragraph at lines 258--258
[][] 
 []


Overfull \hbox (32.34795pt too wide) in paragraph at lines 258--258
[][] 
 []


Overfull \hbox (55.26955pt too wide) in paragraph at lines 258--258
 [][] 
 []


Overfull \hbox (32.34795pt too wide) in paragraph at lines 301--301
[][] 
 []


Overfull \hbox (32.34795pt too wide) in paragraph at lines 301--301
[][] 
 []


Overfull \hbox (55.26955pt too wide) in paragraph at lines 301--301
 [][] 
 []


Overfull \hbox (32.34795pt too wide) in paragraph at lines 344--344
[][] 
 []


Overfull \hbox (32.34795pt too wide) in paragraph at lines 344--344
[][] 
 []


Overfull \hbox (55.26955pt too wide) in paragraph at lines 344--344
 [][] 
 []


Overfull \hbox (37.34796pt too wide) in paragraph at lines 387--387
[][] 
 []


Overfull \hbox (37.34796pt too wide) in paragraph at lines 387--387
[][] 
 []


Overfull \hbox (55.26955pt too wide) in paragraph at lines 387--387
 [][] 
 []


Overfull \hbox (37.34796pt too wide) in paragraph at lines 430--430
[][] 
 []


Overfull \hbox (37.34796pt too wide) in paragraph at lines 430--430
[][] 
 []


Overfull \hbox (55.26955pt too wide) in paragraph at lines 430--430
 [][] 
 []


Overfull \hbox (37.34796pt too wide) in paragraph at lines 473--473
[][] 
 []


Overfull \hbox (37.34796pt too wide) in paragraph at lines 473--473
[][] 
 []


Overfull \hbox (55.26955pt too wide) in paragraph at lines 473--473
 [][] 
 []


Overfull \hbox (32.34795pt too wide) in paragraph at lines 516--516
[][] 
 []


Overfull \hbox (32.34795pt too wide) in paragraph at lines 516--516
[][] 
 []


Overfull \hbox (55.26955pt too wide) in paragraph at lines 516--516
 [][] 
 []


Overfull \hbox (32.34795pt too wide) in paragraph at lines 559--559
[][] 
 []


Overfull \hbox (32.34795pt too wide) in paragraph at lines 559--559
[][] 
 []


Overfull \hbox (55.26955pt too wide) in paragraph at lines 559--559
 [][] 
 []


Overfull \hbox (32.34795pt too wide) in paragraph at lines 602--602
[][] 
 []


Overfull \hbox (32.34795pt too wide) in paragraph at lines 602--602
[][] 
 []


Overfull \hbox (55.26955pt too wide) in paragraph at lines 602--602
 [][] 
 []


Overfull \hbox (37.34796pt too wide) in paragraph at lines 645--645
[][] 
 []


Overfull \hbox (37.34796pt too wide) in paragraph at lines 645--645
[][] 
 []


Overfull \hbox (55.26955pt too wide) in paragraph at lines 645--645
 [][] 
 []


Overfull \hbox (37.34796pt too wide) in paragraph at lines 688--688
[][] 
 []


Overfull \hbox (37.34796pt too wide) in paragraph at lines 688--688
[][] 
 []


Overfull \hbox (55.26955pt too wide) in paragraph at lines 688--688
 [][] 
 []


Overfull \hbox (37.34796pt too wide) in paragraph at lines 731--731
[][] 
 []


Overfull \hbox (37.34796pt too wide) in paragraph at lines 731--731
[][] 
 []


Overfull \hbox (55.26955pt too wide) in paragraph at lines 731--731
 [][] 
 []

[1

{/usr/local/texlive/2020/texmf-var/fonts/map/pdftex/updmap/pdftex.map}]
[2] [3] [4] [5] (./table.aux) ) 
Here is how much of TeX's memory you used:
 3096 strings out of 480608
 48072 string characters out of 5903631
 364178 words of memory out of 5000000
 18993 multiletter control sequences out of 15000+600000
 537638 words of font info for 43 fonts, out of 8000000 for 9000
 1141 hyphenation exceptions out of 8191
 48i,14n,46p,341b,495s stack positions out of 5000i,500n,10000p,200000b,80000s
</usr/local/texlive/2020/texmf-dist/fonts/type1/
public/amsfonts/cm/cmmi10.pfb></usr/local/texlive/2020/texmf-dist/fonts/type1/p
ublic/amsfonts/cm/cmr10.pfb></usr/local/texlive/2020/texmf-dist/fonts/type1/pub
lic/amsfonts/cm/cmr12.pfb></usr/local/texlive/2020/texmf-dist/fonts/type1/publi
c/amsfonts/cm/cmr17.pfb></usr/local/texlive/2020/texmf-dist/fonts/type1/public/
amsfonts/cm/cmr7.pfb></usr/local/texlive/2020/texmf-dist/fonts/type1/public/ams
fonts/cm/cmr9.pfb></usr/local/texlive/2020/texmf-dist/fonts/type1/public/amsfon
ts/cm/cmsy10.pfb></usr/local/texlive/2020/texmf-dist/fonts/type1/public/amsfont
s/cm/cmsy7.pfb>
Output written on table.pdf (5 pages, 91582 bytes).
PDF statistics:
 52 PDF objects out of 1000 (max. 8388607)
 36 compressed objects within 1 object stream
 0 named destinations out of 1000 (max. 500000)
 1 words of extra memory for PDF output out of 10000 (max. 10000000)

